<?xml version="1.0" encoding="UTF-8"?>
<testsuite xmlns:xsi="http://www.w3.org/2001/XMLSchema-instance" xsi:noNamespaceSchemaLocation="https://maven.apache.org/surefire/maven-surefire-plugin/xsd/surefire-test-report.xsd" name="runner.Runner" time="10.941" tests="2" errors="0" skipped="0" failures="0">
  <properties>
    <property name="gopherProxySet" value="false"/>
    <property name="awt.toolkit" value="sun.lwawt.macosx.LWCToolkit"/>
    <property name="file.encoding.pkg" value="sun.io"/>
    <property name="java.specification.version" value="1.8"/>
    <property name="sun.cpu.isalist" value=""/>
    <property name="sun.jnu.encoding" value="UTF-8"/>
    <property name="java.class.path" value="/Users/anastasiyaprudnikova/IdeaProjects/backend_automation_5/target/test-classes:/Users/anastasiyaprudnikova/IdeaProjects/backend_automation_5/target/classes:/Users/anastasiyaprudnikova/.m2/repository/org/testng/testng/7.4.0/testng-7.4.0.jar:/Users/anastasiyaprudnikova/.m2/repository/com/beust/jcommander/1.78/jcommander-1.78.jar:/Users/anastasiyaprudnikova/.m2/repository/org/webjars/jquery/3.5.1/jquery-3.5.1.jar:/Users/anastasiyaprudnikova/.m2/repository/com/oracle/database/jdbc/ojdbc8/21.5.0.0/ojdbc8-21.5.0.0.jar:/Users/anastasiyaprudnikova/.m2/repository/io/cucumber/cucumber-java/6.10.3/cucumber-java-6.10.3.jar:/Users/anastasiyaprudnikova/.m2/repository/org/apiguardian/apiguardian-api/1.1.1/apiguardian-api-1.1.1.jar:/Users/anastasiyaprudnikova/.m2/repository/io/cucumber/gherkin/18.1.1/gherkin-18.1.1.jar:/Users/anastasiyaprudnikova/.m2/repository/io/cucumber/messages/15.0.0/messages-15.0.0.jar:/Users/anastasiyaprudnikova/.m2/repository/io/cucumber/cucumber-testng/6.10.4/cucumber-testng-6.10.4.jar:/Users/anastasiyaprudnikova/.m2/repository/io/cucumber/cucumber-core/6.10.3/cucumber-core-6.10.3.jar:/Users/anastasiyaprudnikova/.m2/repository/io/cucumber/cucumber-gherkin/6.10.3/cucumber-gherkin-6.10.3.jar:/Users/anastasiyaprudnikova/.m2/repository/io/cucumber/cucumber-gherkin-messages/6.10.3/cucumber-gherkin-messages-6.10.3.jar:/Users/anastasiyaprudnikova/.m2/repository/io/cucumber/tag-expressions/3.0.1/tag-expressions-3.0.1.jar:/Users/anastasiyaprudnikova/.m2/repository/io/cucumber/cucumber-expressions/10.3.0/cucumber-expressions-10.3.0.jar:/Users/anastasiyaprudnikova/.m2/repository/io/cucumber/datatable/3.5.0/datatable-3.5.0.jar:/Users/anastasiyaprudnikova/.m2/repository/io/cucumber/cucumber-plugin/6.10.3/cucumber-plugin-6.10.3.jar:/Users/anastasiyaprudnikova/.m2/repository/io/cucumber/docstring/6.10.3/docstring-6.10.3.jar:/Users/anastasiyaprudnikova/.m2/repository/io/cucumber/html-formatter/13.0.0/html-formatter-13.0.0.jar:/Users/anastasiyaprudnikova/.m2/repository/io/cucumber/create-meta/4.0.0/create-meta-4.0.0.jar:/Users/anastasiyaprudnikova/.m2/repository/io/cucumber/cucumber-picocontainer/6.10.3/cucumber-picocontainer-6.10.3.jar:/Users/anastasiyaprudnikova/.m2/repository/org/picocontainer/picocontainer/2.15/picocontainer-2.15.jar:/Users/anastasiyaprudnikova/.m2/repository/net/masterthought/cucumber-reporting/4.6.0/cucumber-reporting-4.6.0.jar:/Users/anastasiyaprudnikova/.m2/repository/org/apache/velocity/velocity/1.7/velocity-1.7.jar:/Users/anastasiyaprudnikova/.m2/repository/commons-collections/commons-collections/3.2.1/commons-collections-3.2.1.jar:/Users/anastasiyaprudnikova/.m2/repository/commons-lang/commons-lang/2.4/commons-lang-2.4.jar:/Users/anastasiyaprudnikova/.m2/repository/velocity-tools/velocity-tools/1.4/velocity-tools-1.4.jar:/Users/anastasiyaprudnikova/.m2/repository/joda-time/joda-time/2.10.1/joda-time-2.10.1.jar:/Users/anastasiyaprudnikova/.m2/repository/org/apache/commons/commons-lang3/3.8.1/commons-lang3-3.8.1.jar:/Users/anastasiyaprudnikova/.m2/repository/commons-io/commons-io/2.6/commons-io-2.6.jar:/Users/anastasiyaprudnikova/.m2/repository/org/codehaus/plexus/plexus-utils/3.1.1/plexus-utils-3.1.1.jar:/Users/anastasiyaprudnikova/.m2/repository/org/jsoup/jsoup/1.11.3/jsoup-1.11.3.jar:/Users/anastasiyaprudnikova/.m2/repository/com/googlecode/owasp-java-html-sanitizer/owasp-java-html-sanitizer/20190325.1/owasp-java-html-sanitizer-20190325.1.jar:/Users/anastasiyaprudnikova/.m2/repository/com/google/guava/guava/27.1-jre/guava-27.1-jre.jar:/Users/anastasiyaprudnikova/.m2/repository/com/google/guava/failureaccess/1.0.1/failureaccess-1.0.1.jar:/Users/anastasiyaprudnikova/.m2/repository/com/google/guava/listenablefuture/9999.0-empty-to-avoid-conflict-with-guava/listenablefuture-9999.0-empty-to-avoid-conflict-with-guava.jar:/Users/anastasiyaprudnikova/.m2/repository/org/checkerframework/checker-qual/2.5.2/checker-qual-2.5.2.jar:/Users/anastasiyaprudnikova/.m2/repository/com/google/errorprone/error_prone_annotations/2.2.0/error_prone_annotations-2.2.0.jar:/Users/anastasiyaprudnikova/.m2/repository/com/google/j2objc/j2objc-annotations/1.1/j2objc-annotations-1.1.jar:/Users/anastasiyaprudnikova/.m2/repository/org/codehaus/mojo/animal-sniffer-annotations/1.17/animal-sniffer-annotations-1.17.jar:/Users/anastasiyaprudnikova/.m2/repository/commons-configuration/commons-configuration/1.10/commons-configuration-1.10.jar:/Users/anastasiyaprudnikova/.m2/repository/commons-logging/commons-logging/1.1.1/commons-logging-1.1.1.jar:/Users/anastasiyaprudnikova/.m2/repository/io/rest-assured/rest-assured/4.5.0/rest-assured-4.5.0.jar:/Users/anastasiyaprudnikova/.m2/repository/org/codehaus/groovy/groovy/3.0.9/groovy-3.0.9.jar:/Users/anastasiyaprudnikova/.m2/repository/org/codehaus/groovy/groovy-xml/3.0.9/groovy-xml-3.0.9.jar:/Users/anastasiyaprudnikova/.m2/repository/org/apache/httpcomponents/httpclient/4.5.13/httpclient-4.5.13.jar:/Users/anastasiyaprudnikova/.m2/repository/org/apache/httpcomponents/httpcore/4.4.13/httpcore-4.4.13.jar:/Users/anastasiyaprudnikova/.m2/repository/org/apache/httpcomponents/httpmime/4.5.13/httpmime-4.5.13.jar:/Users/anastasiyaprudnikova/.m2/repository/org/hamcrest/hamcrest/2.1/hamcrest-2.1.jar:/Users/anastasiyaprudnikova/.m2/repository/org/ccil/cowan/tagsoup/tagsoup/1.2.1/tagsoup-1.2.1.jar:/Users/anastasiyaprudnikova/.m2/repository/io/rest-assured/json-path/4.5.0/json-path-4.5.0.jar:/Users/anastasiyaprudnikova/.m2/repository/org/codehaus/groovy/groovy-json/3.0.9/groovy-json-3.0.9.jar:/Users/anastasiyaprudnikova/.m2/repository/io/rest-assured/rest-assured-common/4.5.0/rest-assured-common-4.5.0.jar:/Users/anastasiyaprudnikova/.m2/repository/io/rest-assured/xml-path/4.5.0/xml-path-4.5.0.jar:/Users/anastasiyaprudnikova/.m2/repository/com/github/javafaker/javafaker/1.0.2/javafaker-1.0.2.jar:/Users/anastasiyaprudnikova/.m2/repository/org/yaml/snakeyaml/1.23/snakeyaml-1.23-android.jar:/Users/anastasiyaprudnikova/.m2/repository/com/github/mifmif/generex/1.0.2/generex-1.0.2.jar:/Users/anastasiyaprudnikova/.m2/repository/dk/brics/automaton/automaton/1.11-8/automaton-1.11-8.jar:/Users/anastasiyaprudnikova/.m2/repository/com/fasterxml/jackson/core/jackson-databind/2.9.9/jackson-databind-2.9.9.jar:/Users/anastasiyaprudnikova/.m2/repository/com/fasterxml/jackson/core/jackson-core/2.9.9/jackson-core-2.9.9.jar:/Users/anastasiyaprudnikova/.m2/repository/com/fasterxml/jackson/core/jackson-annotations/2.9.9/jackson-annotations-2.9.9.jar:/Users/anastasiyaprudnikova/.m2/repository/org/hamcrest/hamcrest-all/1.3/hamcrest-all-1.3.jar:/Users/anastasiyaprudnikova/.m2/repository/org/projectlombok/lombok/1.18.24/lombok-1.18.24.jar:/Users/anastasiyaprudnikova/.m2/repository/org/apache/logging/log4j/log4j-api/2.20.0/log4j-api-2.20.0.jar:/Users/anastasiyaprudnikova/.m2/repository/org/apache/logging/log4j/log4j-core/2.20.0/log4j-core-2.20.0.jar:/Users/anastasiyaprudnikova/.m2/repository/io/rest-assured/json-schema-validator/3.3.0/json-schema-validator-3.3.0.jar:/Users/anastasiyaprudnikova/.m2/repository/com/github/java-json-tools/json-schema-validator/2.2.10/json-schema-validator-2.2.10.jar:/Users/anastasiyaprudnikova/.m2/repository/com/github/java-json-tools/json-schema-core/1.2.10/json-schema-core-1.2.10.jar:/Users/anastasiyaprudnikova/.m2/repository/com/github/java-json-tools/jackson-coreutils/1.9/jackson-coreutils-1.9.jar:/Users/anastasiyaprudnikova/.m2/repository/com/github/fge/msg-simple/1.1/msg-simple-1.1.jar:/Users/anastasiyaprudnikova/.m2/repository/com/github/fge/btf/1.2/btf-1.2.jar:/Users/anastasiyaprudnikova/.m2/repository/com/github/fge/uri-template/0.9/uri-template-0.9.jar:/Users/anastasiyaprudnikova/.m2/repository/org/mozilla/rhino/1.7.7.1/rhino-1.7.7.1.jar:/Users/anastasiyaprudnikova/.m2/repository/javax/mail/mailapi/1.4.3/mailapi-1.4.3.jar:/Users/anastasiyaprudnikova/.m2/repository/javax/activation/activation/1.1/activation-1.1.jar:/Users/anastasiyaprudnikova/.m2/repository/com/googlecode/libphonenumber/libphonenumber/8.0.0/libphonenumber-8.0.0.jar:/Users/anastasiyaprudnikova/.m2/repository/com/google/code/findbugs/jsr305/3.0.1/jsr305-3.0.1.jar:/Users/anastasiyaprudnikova/.m2/repository/net/sf/jopt-simple/jopt-simple/5.0.3/jopt-simple-5.0.3.jar:/Users/anastasiyaprudnikova/.m2/repository/org/hamcrest/hamcrest-core/1.3/hamcrest-core-1.3.jar:/Users/anastasiyaprudnikova/.m2/repository/org/apache/poi/poi/4.1.2/poi-4.1.2.jar:/Users/anastasiyaprudnikova/.m2/repository/commons-codec/commons-codec/1.13/commons-codec-1.13.jar:/Users/anastasiyaprudnikova/.m2/repository/org/apache/commons/commons-collections4/4.4/commons-collections4-4.4.jar:/Users/anastasiyaprudnikova/.m2/repository/org/apache/commons/commons-math3/3.6.1/commons-math3-3.6.1.jar:/Users/anastasiyaprudnikova/.m2/repository/com/zaxxer/SparseBitSet/1.2/SparseBitSet-1.2.jar:/Users/anastasiyaprudnikova/.m2/repository/org/apache/poi/poi-ooxml/4.1.2/poi-ooxml-4.1.2.jar:/Users/anastasiyaprudnikova/.m2/repository/org/apache/poi/poi-ooxml-schemas/4.1.2/poi-ooxml-schemas-4.1.2.jar:/Users/anastasiyaprudnikova/.m2/repository/org/apache/xmlbeans/xmlbeans/3.1.0/xmlbeans-3.1.0.jar:/Users/anastasiyaprudnikova/.m2/repository/org/apache/commons/commons-compress/1.19/commons-compress-1.19.jar:/Users/anastasiyaprudnikova/.m2/repository/com/github/virtuald/curvesapi/1.06/curvesapi-1.06.jar:/Users/anastasiyaprudnikova/.m2/repository/com/jayway/jsonpath/json-path-assert/2.7.0/json-path-assert-2.7.0.jar:/Users/anastasiyaprudnikova/.m2/repository/com/jayway/jsonpath/json-path/2.7.0/json-path-2.7.0.jar:/Users/anastasiyaprudnikova/.m2/repository/net/minidev/json-smart/2.4.7/json-smart-2.4.7.jar:/Users/anastasiyaprudnikova/.m2/repository/net/minidev/accessors-smart/2.4.7/accessors-smart-2.4.7.jar:/Users/anastasiyaprudnikova/.m2/repository/org/ow2/asm/asm/9.1/asm-9.1.jar:/Users/anastasiyaprudnikova/.m2/repository/org/slf4j/slf4j-api/1.7.33/slf4j-api-1.7.33.jar:/Users/anastasiyaprudnikova/.m2/repository/org/apache/maven/surefire/surefire-testng-utils/2.21.0/surefire-testng-utils-2.21.0.jar:/Users/anastasiyaprudnikova/.m2/repository/org/apache/maven/surefire/surefire-grouper/2.21.0/surefire-grouper-2.21.0.jar:"/>
    <property name="java.vm.vendor" value="Oracle Corporation"/>
    <property name="sun.arch.data.model" value="64"/>
    <property name="java.vendor.url" value="http://java.oracle.com/"/>
    <property name="user.timezone" value=""/>
    <property name="java.vm.specification.version" value="1.8"/>
    <property name="os.name" value="Mac OS X"/>
    <property name="user.country" value="US"/>
    <property name="sun.java.launcher" value="SUN_STANDARD"/>
    <property name="sun.boot.library.path" value="/Library/Java/JavaVirtualMachines/jdk1.8.0_341.jdk/Contents/Home/jre/lib"/>
    <property name="sun.java.command" value="/Users/anastasiyaprudnikova/IdeaProjects/backend_automation_5/target/surefire/surefirebooter7972600534459256301.jar /Users/anastasiyaprudnikova/IdeaProjects/backend_automation_5/target/surefire 2023-03-19T15-53-09_427-jvmRun1 surefire5108780932660092239tmp surefire_0596777642433981912tmp"/>
    <property name="http.nonProxyHosts" value="local|*.local|169.254/16|*.169.254/16"/>
    <property name="surefire.test.class.path" value="/Users/anastasiyaprudnikova/IdeaProjects/backend_automation_5/target/test-classes:/Users/anastasiyaprudnikova/IdeaProjects/backend_automation_5/target/classes:/Users/anastasiyaprudnikova/.m2/repository/org/testng/testng/7.4.0/testng-7.4.0.jar:/Users/anastasiyaprudnikova/.m2/repository/com/beust/jcommander/1.78/jcommander-1.78.jar:/Users/anastasiyaprudnikova/.m2/repository/org/webjars/jquery/3.5.1/jquery-3.5.1.jar:/Users/anastasiyaprudnikova/.m2/repository/com/oracle/database/jdbc/ojdbc8/21.5.0.0/ojdbc8-21.5.0.0.jar:/Users/anastasiyaprudnikova/.m2/repository/io/cucumber/cucumber-java/6.10.3/cucumber-java-6.10.3.jar:/Users/anastasiyaprudnikova/.m2/repository/org/apiguardian/apiguardian-api/1.1.1/apiguardian-api-1.1.1.jar:/Users/anastasiyaprudnikova/.m2/repository/io/cucumber/gherkin/18.1.1/gherkin-18.1.1.jar:/Users/anastasiyaprudnikova/.m2/repository/io/cucumber/messages/15.0.0/messages-15.0.0.jar:/Users/anastasiyaprudnikova/.m2/repository/io/cucumber/cucumber-testng/6.10.4/cucumber-testng-6.10.4.jar:/Users/anastasiyaprudnikova/.m2/repository/io/cucumber/cucumber-core/6.10.3/cucumber-core-6.10.3.jar:/Users/anastasiyaprudnikova/.m2/repository/io/cucumber/cucumber-gherkin/6.10.3/cucumber-gherkin-6.10.3.jar:/Users/anastasiyaprudnikova/.m2/repository/io/cucumber/cucumber-gherkin-messages/6.10.3/cucumber-gherkin-messages-6.10.3.jar:/Users/anastasiyaprudnikova/.m2/repository/io/cucumber/tag-expressions/3.0.1/tag-expressions-3.0.1.jar:/Users/anastasiyaprudnikova/.m2/repository/io/cucumber/cucumber-expressions/10.3.0/cucumber-expressions-10.3.0.jar:/Users/anastasiyaprudnikova/.m2/repository/io/cucumber/datatable/3.5.0/datatable-3.5.0.jar:/Users/anastasiyaprudnikova/.m2/repository/io/cucumber/cucumber-plugin/6.10.3/cucumber-plugin-6.10.3.jar:/Users/anastasiyaprudnikova/.m2/repository/io/cucumber/docstring/6.10.3/docstring-6.10.3.jar:/Users/anastasiyaprudnikova/.m2/repository/io/cucumber/html-formatter/13.0.0/html-formatter-13.0.0.jar:/Users/anastasiyaprudnikova/.m2/repository/io/cucumber/create-meta/4.0.0/create-meta-4.0.0.jar:/Users/anastasiyaprudnikova/.m2/repository/io/cucumber/cucumber-picocontainer/6.10.3/cucumber-picocontainer-6.10.3.jar:/Users/anastasiyaprudnikova/.m2/repository/org/picocontainer/picocontainer/2.15/picocontainer-2.15.jar:/Users/anastasiyaprudnikova/.m2/repository/net/masterthought/cucumber-reporting/4.6.0/cucumber-reporting-4.6.0.jar:/Users/anastasiyaprudnikova/.m2/repository/org/apache/velocity/velocity/1.7/velocity-1.7.jar:/Users/anastasiyaprudnikova/.m2/repository/commons-collections/commons-collections/3.2.1/commons-collections-3.2.1.jar:/Users/anastasiyaprudnikova/.m2/repository/commons-lang/commons-lang/2.4/commons-lang-2.4.jar:/Users/anastasiyaprudnikova/.m2/repository/velocity-tools/velocity-tools/1.4/velocity-tools-1.4.jar:/Users/anastasiyaprudnikova/.m2/repository/joda-time/joda-time/2.10.1/joda-time-2.10.1.jar:/Users/anastasiyaprudnikova/.m2/repository/org/apache/commons/commons-lang3/3.8.1/commons-lang3-3.8.1.jar:/Users/anastasiyaprudnikova/.m2/repository/commons-io/commons-io/2.6/commons-io-2.6.jar:/Users/anastasiyaprudnikova/.m2/repository/org/codehaus/plexus/plexus-utils/3.1.1/plexus-utils-3.1.1.jar:/Users/anastasiyaprudnikova/.m2/repository/org/jsoup/jsoup/1.11.3/jsoup-1.11.3.jar:/Users/anastasiyaprudnikova/.m2/repository/com/googlecode/owasp-java-html-sanitizer/owasp-java-html-sanitizer/20190325.1/owasp-java-html-sanitizer-20190325.1.jar:/Users/anastasiyaprudnikova/.m2/repository/com/google/guava/guava/27.1-jre/guava-27.1-jre.jar:/Users/anastasiyaprudnikova/.m2/repository/com/google/guava/failureaccess/1.0.1/failureaccess-1.0.1.jar:/Users/anastasiyaprudnikova/.m2/repository/com/google/guava/listenablefuture/9999.0-empty-to-avoid-conflict-with-guava/listenablefuture-9999.0-empty-to-avoid-conflict-with-guava.jar:/Users/anastasiyaprudnikova/.m2/repository/org/checkerframework/checker-qual/2.5.2/checker-qual-2.5.2.jar:/Users/anastasiyaprudnikova/.m2/repository/com/google/errorprone/error_prone_annotations/2.2.0/error_prone_annotations-2.2.0.jar:/Users/anastasiyaprudnikova/.m2/repository/com/google/j2objc/j2objc-annotations/1.1/j2objc-annotations-1.1.jar:/Users/anastasiyaprudnikova/.m2/repository/org/codehaus/mojo/animal-sniffer-annotations/1.17/animal-sniffer-annotations-1.17.jar:/Users/anastasiyaprudnikova/.m2/repository/commons-configuration/commons-configuration/1.10/commons-configuration-1.10.jar:/Users/anastasiyaprudnikova/.m2/repository/commons-logging/commons-logging/1.1.1/commons-logging-1.1.1.jar:/Users/anastasiyaprudnikova/.m2/repository/io/rest-assured/rest-assured/4.5.0/rest-assured-4.5.0.jar:/Users/anastasiyaprudnikova/.m2/repository/org/codehaus/groovy/groovy/3.0.9/groovy-3.0.9.jar:/Users/anastasiyaprudnikova/.m2/repository/org/codehaus/groovy/groovy-xml/3.0.9/groovy-xml-3.0.9.jar:/Users/anastasiyaprudnikova/.m2/repository/org/apache/httpcomponents/httpclient/4.5.13/httpclient-4.5.13.jar:/Users/anastasiyaprudnikova/.m2/repository/org/apache/httpcomponents/httpcore/4.4.13/httpcore-4.4.13.jar:/Users/anastasiyaprudnikova/.m2/repository/org/apache/httpcomponents/httpmime/4.5.13/httpmime-4.5.13.jar:/Users/anastasiyaprudnikova/.m2/repository/org/hamcrest/hamcrest/2.1/hamcrest-2.1.jar:/Users/anastasiyaprudnikova/.m2/repository/org/ccil/cowan/tagsoup/tagsoup/1.2.1/tagsoup-1.2.1.jar:/Users/anastasiyaprudnikova/.m2/repository/io/rest-assured/json-path/4.5.0/json-path-4.5.0.jar:/Users/anastasiyaprudnikova/.m2/repository/org/codehaus/groovy/groovy-json/3.0.9/groovy-json-3.0.9.jar:/Users/anastasiyaprudnikova/.m2/repository/io/rest-assured/rest-assured-common/4.5.0/rest-assured-common-4.5.0.jar:/Users/anastasiyaprudnikova/.m2/repository/io/rest-assured/xml-path/4.5.0/xml-path-4.5.0.jar:/Users/anastasiyaprudnikova/.m2/repository/com/github/javafaker/javafaker/1.0.2/javafaker-1.0.2.jar:/Users/anastasiyaprudnikova/.m2/repository/org/yaml/snakeyaml/1.23/snakeyaml-1.23-android.jar:/Users/anastasiyaprudnikova/.m2/repository/com/github/mifmif/generex/1.0.2/generex-1.0.2.jar:/Users/anastasiyaprudnikova/.m2/repository/dk/brics/automaton/automaton/1.11-8/automaton-1.11-8.jar:/Users/anastasiyaprudnikova/.m2/repository/com/fasterxml/jackson/core/jackson-databind/2.9.9/jackson-databind-2.9.9.jar:/Users/anastasiyaprudnikova/.m2/repository/com/fasterxml/jackson/core/jackson-core/2.9.9/jackson-core-2.9.9.jar:/Users/anastasiyaprudnikova/.m2/repository/com/fasterxml/jackson/core/jackson-annotations/2.9.9/jackson-annotations-2.9.9.jar:/Users/anastasiyaprudnikova/.m2/repository/org/hamcrest/hamcrest-all/1.3/hamcrest-all-1.3.jar:/Users/anastasiyaprudnikova/.m2/repository/org/projectlombok/lombok/1.18.24/lombok-1.18.24.jar:/Users/anastasiyaprudnikova/.m2/repository/org/apache/logging/log4j/log4j-api/2.20.0/log4j-api-2.20.0.jar:/Users/anastasiyaprudnikova/.m2/repository/org/apache/logging/log4j/log4j-core/2.20.0/log4j-core-2.20.0.jar:/Users/anastasiyaprudnikova/.m2/repository/io/rest-assured/json-schema-validator/3.3.0/json-schema-validator-3.3.0.jar:/Users/anastasiyaprudnikova/.m2/repository/com/github/java-json-tools/json-schema-validator/2.2.10/json-schema-validator-2.2.10.jar:/Users/anastasiyaprudnikova/.m2/repository/com/github/java-json-tools/json-schema-core/1.2.10/json-schema-core-1.2.10.jar:/Users/anastasiyaprudnikova/.m2/repository/com/github/java-json-tools/jackson-coreutils/1.9/jackson-coreutils-1.9.jar:/Users/anastasiyaprudnikova/.m2/repository/com/github/fge/msg-simple/1.1/msg-simple-1.1.jar:/Users/anastasiyaprudnikova/.m2/repository/com/github/fge/btf/1.2/btf-1.2.jar:/Users/anastasiyaprudnikova/.m2/repository/com/github/fge/uri-template/0.9/uri-template-0.9.jar:/Users/anastasiyaprudnikova/.m2/repository/org/mozilla/rhino/1.7.7.1/rhino-1.7.7.1.jar:/Users/anastasiyaprudnikova/.m2/repository/javax/mail/mailapi/1.4.3/mailapi-1.4.3.jar:/Users/anastasiyaprudnikova/.m2/repository/javax/activation/activation/1.1/activation-1.1.jar:/Users/anastasiyaprudnikova/.m2/repository/com/googlecode/libphonenumber/libphonenumber/8.0.0/libphonenumber-8.0.0.jar:/Users/anastasiyaprudnikova/.m2/repository/com/google/code/findbugs/jsr305/3.0.1/jsr305-3.0.1.jar:/Users/anastasiyaprudnikova/.m2/repository/net/sf/jopt-simple/jopt-simple/5.0.3/jopt-simple-5.0.3.jar:/Users/anastasiyaprudnikova/.m2/repository/org/hamcrest/hamcrest-core/1.3/hamcrest-core-1.3.jar:/Users/anastasiyaprudnikova/.m2/repository/org/apache/poi/poi/4.1.2/poi-4.1.2.jar:/Users/anastasiyaprudnikova/.m2/repository/commons-codec/commons-codec/1.13/commons-codec-1.13.jar:/Users/anastasiyaprudnikova/.m2/repository/org/apache/commons/commons-collections4/4.4/commons-collections4-4.4.jar:/Users/anastasiyaprudnikova/.m2/repository/org/apache/commons/commons-math3/3.6.1/commons-math3-3.6.1.jar:/Users/anastasiyaprudnikova/.m2/repository/com/zaxxer/SparseBitSet/1.2/SparseBitSet-1.2.jar:/Users/anastasiyaprudnikova/.m2/repository/org/apache/poi/poi-ooxml/4.1.2/poi-ooxml-4.1.2.jar:/Users/anastasiyaprudnikova/.m2/repository/org/apache/poi/poi-ooxml-schemas/4.1.2/poi-ooxml-schemas-4.1.2.jar:/Users/anastasiyaprudnikova/.m2/repository/org/apache/xmlbeans/xmlbeans/3.1.0/xmlbeans-3.1.0.jar:/Users/anastasiyaprudnikova/.m2/repository/org/apache/commons/commons-compress/1.19/commons-compress-1.19.jar:/Users/anastasiyaprudnikova/.m2/repository/com/github/virtuald/curvesapi/1.06/curvesapi-1.06.jar:/Users/anastasiyaprudnikova/.m2/repository/com/jayway/jsonpath/json-path-assert/2.7.0/json-path-assert-2.7.0.jar:/Users/anastasiyaprudnikova/.m2/repository/com/jayway/jsonpath/json-path/2.7.0/json-path-2.7.0.jar:/Users/anastasiyaprudnikova/.m2/repository/net/minidev/json-smart/2.4.7/json-smart-2.4.7.jar:/Users/anastasiyaprudnikova/.m2/repository/net/minidev/accessors-smart/2.4.7/accessors-smart-2.4.7.jar:/Users/anastasiyaprudnikova/.m2/repository/org/ow2/asm/asm/9.1/asm-9.1.jar:/Users/anastasiyaprudnikova/.m2/repository/org/slf4j/slf4j-api/1.7.33/slf4j-api-1.7.33.jar:/Users/anastasiyaprudnikova/.m2/repository/org/apache/maven/surefire/surefire-testng-utils/2.21.0/surefire-testng-utils-2.21.0.jar:/Users/anastasiyaprudnikova/.m2/repository/org/apache/maven/surefire/surefire-grouper/2.21.0/surefire-grouper-2.21.0.jar:"/>
    <property name="sun.cpu.endian" value="little"/>
    <property name="user.home" value="/Users/anastasiyaprudnikova"/>
    <property name="user.language" value="en"/>
    <property name="java.specification.vendor" value="Oracle Corporation"/>
    <property name="java.home" value="/Library/Java/JavaVirtualMachines/jdk1.8.0_341.jdk/Contents/Home/jre"/>
    <property name="basedir" value="/Users/anastasiyaprudnikova/IdeaProjects/backend_automation_5"/>
    <property name="file.separator" value="/"/>
    <property name="line.separator" value="&#10;"/>
    <property name="java.vm.specification.vendor" value="Oracle Corporation"/>
    <property name="java.specification.name" value="Java Platform API Specification"/>
    <property name="java.awt.graphicsenv" value="sun.awt.CGraphicsEnvironment"/>
    <property name="surefire.real.class.path" value="/Users/anastasiyaprudnikova/IdeaProjects/backend_automation_5/target/surefire/surefirebooter7972600534459256301.jar"/>
    <property name="sun.boot.class.path" value="/Library/Java/JavaVirtualMachines/jdk1.8.0_341.jdk/Contents/Home/jre/lib/resources.jar:/Library/Java/JavaVirtualMachines/jdk1.8.0_341.jdk/Contents/Home/jre/lib/rt.jar:/Library/Java/JavaVirtualMachines/jdk1.8.0_341.jdk/Contents/Home/jre/lib/jsse.jar:/Library/Java/JavaVirtualMachines/jdk1.8.0_341.jdk/Contents/Home/jre/lib/jce.jar:/Library/Java/JavaVirtualMachines/jdk1.8.0_341.jdk/Contents/Home/jre/lib/charsets.jar:/Library/Java/JavaVirtualMachines/jdk1.8.0_341.jdk/Contents/Home/jre/lib/jfr.jar:/Library/Java/JavaVirtualMachines/jdk1.8.0_341.jdk/Contents/Home/jre/classes"/>
    <property name="sun.management.compiler" value="HotSpot 64-Bit Tiered Compilers"/>
    <property name="ftp.nonProxyHosts" value="local|*.local|169.254/16|*.169.254/16"/>
    <property name="java.runtime.version" value="1.8.0_341-b10"/>
    <property name="user.name" value="anastasiyaprudnikova"/>
    <property name="path.separator" value=":"/>
    <property name="os.version" value="13.0.1"/>
    <property name="java.endorsed.dirs" value="/Library/Java/JavaVirtualMachines/jdk1.8.0_341.jdk/Contents/Home/jre/lib/endorsed"/>
    <property name="java.runtime.name" value="Java(TM) SE Runtime Environment"/>
    <property name="file.encoding" value="UTF-8"/>
    <property name="java.vm.name" value="Java HotSpot(TM) 64-Bit Server VM"/>
    <property name="localRepository" value="/Users/anastasiyaprudnikova/.m2/repository"/>
    <property name="java.vendor.url.bug" value="http://bugreport.sun.com/bugreport/"/>
    <property name="java.io.tmpdir" value="/var/folders/0h/c2qbf4y97p13kh76hpp6yxfr0000gn/T/"/>
    <property name="java.version" value="1.8.0_341"/>
    <property name="user.dir" value="/Users/anastasiyaprudnikova/IdeaProjects/backend_automation_5"/>
    <property name="os.arch" value="x86_64"/>
    <property name="java.vm.specification.name" value="Java Virtual Machine Specification"/>
    <property name="java.awt.printerjob" value="sun.lwawt.macosx.CPrinterJob"/>
    <property name="sun.os.patch.level" value="unknown"/>
    <property name="java.library.path" value="/Users/anastasiyaprudnikova/Library/Java/Extensions:/Library/Java/Extensions:/Network/Library/Java/Extensions:/System/Library/Java/Extensions:/usr/lib/java:."/>
    <property name="java.vm.info" value="mixed mode"/>
    <property name="java.vendor" value="Oracle Corporation"/>
    <property name="java.vm.version" value="25.341-b10"/>
    <property name="java.ext.dirs" value="/Users/anastasiyaprudnikova/Library/Java/Extensions:/Library/Java/JavaVirtualMachines/jdk1.8.0_341.jdk/Contents/Home/jre/lib/ext:/Library/Java/Extensions:/Network/Library/Java/Extensions:/System/Library/Java/Extensions:/usr/lib/java"/>
    <property name="sun.io.unicode.encoding" value="UnicodeBig"/>
    <property name="java.class.version" value="52.0"/>
    <property name="socksNonProxyHosts" value="local|*.local|169.254/16|*.169.254/16"/>
  </properties>
  <testcase name="runScenario" classname="runner.Runner" time="1.836"/>
  <testcase name="runScenario" classname="runner.Runner" time="6.504"/>
</testsuite>