<?xml version="1.0" encoding="UTF-8"?>
<!-- Generated by org.testng.reporters.JUnitReportReporter -->
<testsuite skipped="0" hostname="Anastasiyas-MBP.local.tld" name="runner.Runner" tests="2" failures="0" timestamp="2023-03-19T15:53:21 CDT" time="8.334" errors="0">
  <testcase name="runScenario" time="6.503" classname="runner.Runner"/>
  <system-out/>
  <testcase name="runScenario" time="1.831" classname="runner.Runner"/>
  <system-out/>
</testsuite> <!-- runner.Runner -->
